Feb-07 17:45:57.185 [main] DEBUG nextflow.cli.Launcher - $> nextflow run main.nf
Feb-07 17:45:57.297 [main] DEBUG nextflow.cli.CmdRun - N E X T F L O W  ~  version 24.10.4
Feb-07 17:45:57.346 [main] DEBUG nextflow.plugin.PluginsFacade - Setting up plugin manager > mode=prod; embedded=false; plugins-dir=/home/aaxdin/.nextflow/plugins; core-plugins: nf-amazon@2.9.2,nf-azure@1.10.2,nf-cloudcache@0.4.2,nf-codecommit@0.2.2,nf-console@1.1.4,nf-google@1.15.3,nf-tower@1.9.3,nf-wave@1.7.4
Feb-07 17:45:57.390 [main] INFO  o.pf4j.DefaultPluginStatusProvider - Enabled plugins: []
Feb-07 17:45:57.392 [main] INFO  o.pf4j.DefaultPluginStatusProvider - Disabled plugins: []
Feb-07 17:45:57.397 [main] INFO  org.pf4j.DefaultPluginManager - PF4J version 3.12.0 in 'deployment' mode
Feb-07 17:45:57.418 [main] INFO  org.pf4j.AbstractPluginManager - No plugins
Feb-07 17:45:57.534 [main] DEBUG nextflow.cli.CmdRun - Applied DSL=2 by global default
Feb-07 17:45:57.552 [main] DEBUG nextflow.cli.CmdRun - Launching `main.nf` [romantic_fermat] DSL2 - revision: 38bab7c5eb
Feb-07 17:45:57.556 [main] DEBUG nextflow.plugin.PluginsFacade - Plugins default=[]
Feb-07 17:45:57.557 [main] DEBUG nextflow.plugin.PluginsFacade - Plugins resolved requirement=[]
Feb-07 17:45:57.674 [main] DEBUG nextflow.Session - Session UUID: 3e317a72-0e29-41b4-a5b1-03e57a33acf4
Feb-07 17:45:57.675 [main] DEBUG nextflow.Session - Run name: romantic_fermat
Feb-07 17:45:57.676 [main] DEBUG nextflow.Session - Executor pool size: 8
Feb-07 17:45:57.689 [main] DEBUG nextflow.file.FilePorter - File porter settings maxRetries=3; maxTransfers=50; pollTimeout=null
Feb-07 17:45:57.701 [main] DEBUG nextflow.util.ThreadPoolBuilder - Creating thread pool 'FileTransfer' minSize=10; maxSize=24; workQueue=LinkedBlockingQueue[10000]; allowCoreThreadTimeout=false
Feb-07 17:45:57.743 [main] DEBUG nextflow.cli.CmdRun - 
  Version: 24.10.4 build 5934
  Created: 20-01-2025 16:47 UTC (17:47 CEST)
  System: Linux 5.15.167.4-microsoft-standard-WSL2
  Runtime: Groovy 4.0.23 on OpenJDK 64-Bit Server VM 23.0.2+7
  Encoding: UTF-8 (UTF-8)
  Process: 135419@LAPTOP-K12KUQ9L [127.0.1.1]
  CPUs: 8 - Mem: 3.8 GB (1.3 GB) - Swap: 1 GB (1009.9 MB)
Feb-07 17:45:57.791 [main] DEBUG nextflow.Session - Work-dir: /home/aaxdin/ZA2020/Nextflow/work [ext2/ext3]
Feb-07 17:45:57.793 [main] DEBUG nextflow.Session - Script base path does not exist or is not a directory: /home/aaxdin/ZA2020/Nextflow/bin
Feb-07 17:45:57.814 [main] DEBUG nextflow.executor.ExecutorFactory - Extension executors providers=[]
Feb-07 17:45:57.828 [main] DEBUG nextflow.Session - Observer factory: DefaultObserverFactory
Feb-07 17:45:57.876 [main] DEBUG nextflow.cache.CacheFactory - Using Nextflow cache factory: nextflow.cache.DefaultCacheFactory
Feb-07 17:45:57.891 [main] DEBUG nextflow.util.CustomThreadPool - Creating default thread pool > poolSize: 9; maxThreads: 1000
Feb-07 17:45:57.964 [main] DEBUG nextflow.Session - Session start
Feb-07 17:45:58.615 [main] DEBUG nextflow.script.ScriptRunner - > Launching execution
Feb-07 17:45:58.642 [main] DEBUG n.secret.LocalSecretsProvider - Secrets store: /home/aaxdin/.nextflow/secrets/store.json
Feb-07 17:45:58.656 [main] DEBUG nextflow.secret.SecretsLoader - Discovered secrets providers: [nextflow.secret.LocalSecretsProvider@78d9f51b] - activable => nextflow.secret.LocalSecretsProvider@78d9f51b
Feb-07 17:45:58.836 [main] DEBUG nextflow.executor.ExecutorFactory - << taskConfig executor: null
Feb-07 17:45:58.836 [main] DEBUG nextflow.executor.ExecutorFactory - >> processorType: 'local'
Feb-07 17:45:58.847 [main] DEBUG nextflow.executor.Executor - [warm up] executor > local
Feb-07 17:45:58.863 [main] DEBUG n.processor.LocalPollingMonitor - Creating local task monitor for executor 'local' > cpus=8; memory=3.8 GB; capacity=8; pollInterval=100ms; dumpInterval=5m
Feb-07 17:45:58.869 [main] DEBUG n.processor.TaskPollingMonitor - >>> barrier register (monitor: local)
Feb-07 17:45:59.021 [main] DEBUG nextflow.Session - Workflow process names [dsl2]: extractHead
Feb-07 17:45:59.021 [main] DEBUG nextflow.Session - Igniting dataflow network (2)
Feb-07 17:45:59.023 [main] DEBUG nextflow.processor.TaskProcessor - Starting process > extractHead
Feb-07 17:45:59.025 [main] DEBUG nextflow.script.ScriptRunner - Parsed script files:
  Script_54d530d84d606d65: /home/aaxdin/ZA2020/Nextflow/main.nf
Feb-07 17:45:59.025 [main] DEBUG nextflow.script.ScriptRunner - > Awaiting termination 
Feb-07 17:45:59.025 [main] DEBUG nextflow.Session - Session await
Feb-07 17:45:59.301 [Task submitter] DEBUG n.executor.local.LocalTaskHandler - Launch cmd line: /bin/bash -ue .command.run
Feb-07 17:45:59.304 [Task submitter] INFO  nextflow.Session - [47/58bb00] Submitted process > extractHead (1)
Feb-07 17:45:59.330 [Task monitor] DEBUG n.processor.TaskPollingMonitor - Task completed > TaskHandler[id: 1; name: extractHead (1); status: COMPLETED; exit: 0; error: -; workDir: /home/aaxdin/ZA2020/Nextflow/work/47/58bb00830c194f82bc30f207f6d550]
Feb-07 17:45:59.332 [Task monitor] DEBUG nextflow.util.ThreadPoolBuilder - Creating thread pool 'TaskFinalizer' minSize=10; maxSize=24; workQueue=LinkedBlockingQueue[10000]; allowCoreThreadTimeout=false
Feb-07 17:45:59.370 [main] DEBUG nextflow.Session - Session await > all processes finished
Feb-07 17:45:59.423 [Task monitor] DEBUG n.processor.TaskPollingMonitor - <<< barrier arrives (monitor: local) - terminating tasks monitor poll loop
Feb-07 17:45:59.424 [main] DEBUG nextflow.Session - Session await > all barriers passed
Feb-07 17:45:59.428 [main] DEBUG nextflow.util.ThreadPoolManager - Thread pool 'TaskFinalizer' shutdown completed (hard=false)
Feb-07 17:45:59.436 [main] DEBUG n.trace.WorkflowStatsObserver - Workflow completed > WorkflowStats[succeededCount=1; failedCount=0; ignoredCount=0; cachedCount=0; pendingCount=0; submittedCount=0; runningCount=0; retriesCount=0; abortedCount=0; succeedDuration=2ms; failedDuration=0ms; cachedDuration=0ms;loadCpus=0; loadMemory=0; peakRunning=1; peakCpus=1; peakMemory=0; ]
Feb-07 17:45:59.629 [main] DEBUG nextflow.cache.CacheDB - Closing CacheDB done
Feb-07 17:45:59.684 [main] DEBUG nextflow.util.ThreadPoolManager - Thread pool 'FileTransfer' shutdown completed (hard=false)
Feb-07 17:45:59.685 [main] DEBUG nextflow.script.ScriptRunner - > Execution complete -- Goodbye
